TN:
SF:src\app.js
FN:20,(anonymous_0)
FN:29,(anonymous_1)
FN:38,(anonymous_2)
FNF:3
FNH:2
FNDA:1,(anonymous_0)
FNDA:1,(anonymous_1)
FNDA:0,(anonymous_2)
DA:1,2
DA:2,2
DA:4,2
DA:5,2
DA:6,2
DA:8,2
DA:11,2
DA:12,2
DA:15,2
DA:16,2
DA:17,2
DA:20,2
DA:21,1
DA:29,2
DA:30,1
DA:38,2
DA:39,0
DA:40,0
DA:46,2
LF:19
LH:17
BRF:0
BRH:0
end_of_record
TN:
SF:src\routes\orders.js
FN:13,(anonymous_0)
FN:32,(anonymous_1)
FN:77,(anonymous_2)
FN:88,(anonymous_3)
FNF:4
FNH:2
FNDA:4,(anonymous_0)
FNDA:5,(anonymous_1)
FNDA:0,(anonymous_2)
FNDA:0,(anonymous_3)
DA:1,2
DA:2,2
DA:5,2
DA:6,2
DA:13,2
DA:14,4
DA:15,4
DA:18,4
DA:19,0
DA:25,4
DA:26,1
DA:32,5
DA:34,3
DA:35,0
DA:41,3
DA:42,1
DA:49,2
DA:51,2
DA:61,2
DA:63,2
DA:69,0
DA:77,2
DA:78,0
DA:79,0
DA:81,0
DA:82,0
DA:88,0
DA:90,0
DA:96,0
DA:103,2
LF:30
LH:20
BRDA:18,0,0,0
BRDA:18,0,1,4
BRDA:18,1,0,4
BRDA:18,1,1,4
BRDA:18,1,2,4
BRDA:25,2,0,1
BRDA:25,2,1,3
BRDA:34,3,0,0
BRDA:34,3,1,3
BRDA:41,4,0,1
BRDA:41,4,1,2
BRDA:81,5,0,0
BRDA:81,5,1,0
BRF:13
BRH:9
end_of_record
TN:
SF:src\routes\products.js
FN:12,(anonymous_0)
FN:20,(anonymous_1)
FN:31,(anonymous_2)
FN:53,(anonymous_3)
FN:96,(anonymous_4)
FN:98,(anonymous_5)
FNF:6
FNH:0
FNDA:0,(anonymous_0)
FNDA:0,(anonymous_1)
FNDA:0,(anonymous_2)
FNDA:0,(anonymous_3)
FNDA:0,(anonymous_4)
FNDA:0,(anonymous_5)
DA:1,2
DA:2,2
DA:5,2
DA:12,2
DA:13,0
DA:20,2
DA:21,0
DA:22,0
DA:24,0
DA:25,0
DA:31,0
DA:33,0
DA:34,0
DA:40,0
DA:45,0
DA:53,2
DA:54,0
DA:55,0
DA:58,0
DA:59,0
DA:65,0
DA:66,0
DA:72,0
DA:80,0
DA:82,0
DA:88,0
DA:96,2
DA:97,0
DA:98,0
DA:100,0
DA:106,0
DA:113,2
LF:32
LH:8
BRDA:24,0,0,0
BRDA:24,0,1,0
BRDA:33,1,0,0
BRDA:33,1,1,0
BRDA:58,2,0,0
BRDA:58,2,1,0
BRDA:58,3,0,0
BRDA:58,3,1,0
BRDA:58,3,2,0
BRDA:65,4,0,0
BRDA:65,4,1,0
BRDA:65,5,0,0
BRDA:65,5,1,0
BRDA:77,6,0,0
BRDA:77,6,1,0
BRF:15
BRH:0
end_of_record
TN:
SF:src\routes\users.js
FN:12,(anonymous_0)
FN:28,(anonymous_1)
FN:39,(anonymous_2)
FNF:3
FNH:3
FNDA:1,(anonymous_0)
FNDA:2,(anonymous_1)
FNDA:3,(anonymous_2)
DA:1,2
DA:2,2
DA:5,2
DA:12,2
DA:13,1
DA:14,1
DA:20,0
DA:28,2
DA:29,2
DA:30,2
DA:32,2
DA:33,1
DA:39,3
DA:41,1
DA:42,1
DA:48,0
DA:53,0
DA:60,2
LF:18
LH:15
BRDA:32,0,0,1
BRDA:32,0,1,1
BRDA:41,1,0,1
BRDA:41,1,1,0
BRF:4
BRH:3
end_of_record
